<?xml version='1.0' encoding='UTF-8'?>
<testsuite hostname="gordon-ThinkPad-W700" name="com.highbar.cards.poker.CardComparatorSpec" tests="182" errors="0" failures="0" time="0.228">
                     <properties>
[...]
</properties>
                     <testcase classname="com.highbar.cards.poker.CardComparatorSpec" name=" It is higher than a Two" time="0.012">
                                                 
                                               </testcase><testcase classname="com.highbar.cards.poker.CardComparatorSpec" name=" It is higher than a Three" time="0.002">
                                                 
                                               </testcase><testcase classname="com.highbar.cards.poker.CardComparatorSpec" name=" It is higher than a Four" time="0.003">
                                                 
                                               </testcase><testcase classname="com.highbar.cards.poker.CardComparatorSpec" name=" It is higher than a Five" time="0.002">
                                                 
                                               </testcase><testcase classname="com.highbar.cards.poker.CardComparatorSpec" name=" It is higher than a Six" time="0.001">
                                                 
                                               </testcase><testcase classname="com.highbar.cards.poker.CardComparatorSpec" name=" It is higher than a Seven" time="0.001">
                                                 
                                               </testcase><testcase classname="com.highbar.cards.poker.CardComparatorSpec" name=" It is higher than an Eight" time="0.002">
                                                 
                                               </testcase><testcase classname="com.highbar.cards.poker.CardComparatorSpec" name=" It is higher than a Nine" time="0.011">
                                                 
                                               </testcase><testcase classname="com.highbar.cards.poker.CardComparatorSpec" name=" It is higher than a Ten" time="0.007">
                                                 
                                               </testcase><testcase classname="com.highbar.cards.poker.CardComparatorSpec" name=" It is higher than a Jack" time="0.003">
                                                 
                                               </testcase><testcase classname="com.highbar.cards.poker.CardComparatorSpec" name=" It is higher than a Queen" time="0.006">
                                                 
                                               </testcase><testcase classname="com.highbar.cards.poker.CardComparatorSpec" name=" It is higher than a King" time="0.004">
                                                 
                                               </testcase><testcase classname="com.highbar.cards.poker.CardComparatorSpec" name=" It ties with another Ace" time="0.002">
                                                 
                                               </testcase><testcase classname="com.highbar.cards.poker.CardComparatorSpec" name="When Comparing Two Cards using High Hand Rules A King is higher than a Two" time="0.002">
                                                 
                                               </testcase><testcase classname="com.highbar.cards.poker.CardComparatorSpec" name="When Comparing Two Cards using High Hand Rules A King is higher than a Three" time="0.002">
                                                 
                                               </testcase><testcase classname="com.highbar.cards.poker.CardComparatorSpec" name="When Comparing Two Cards using High Hand Rules A King is higher than a Four" time="0.002">
                                                 
                                               </testcase><testcase classname="com.highbar.cards.poker.CardComparatorSpec" name="When Comparing Two Cards using High Hand Rules A King is higher than a Five" time="0.001">
                                                 
                                               </testcase><testcase classname="com.highbar.cards.poker.CardComparatorSpec" name="When Comparing Two Cards using High Hand Rules A King is higher than a Six" time="0.001">
                                                 
                                               </testcase><testcase classname="com.highbar.cards.poker.CardComparatorSpec" name="When Comparing Two Cards using High Hand Rules A King is higher than a Seven" time="0.001">
                                                 
                                               </testcase><testcase classname="com.highbar.cards.poker.CardComparatorSpec" name="When Comparing Two Cards using High Hand Rules A King is higher than an Eight" time="0.001">
                                                 
                                               </testcase><testcase classname="com.highbar.cards.poker.CardComparatorSpec" name="When Comparing Two Cards using High Hand Rules A King is higher than a Nine" time="0.001">
                                                 
                                               </testcase><testcase classname="com.highbar.cards.poker.CardComparatorSpec" name="When Comparing Two Cards using High Hand Rules A King is higher than a Ten" time="0.001">
                                                 
                                               </testcase><testcase classname="com.highbar.cards.poker.CardComparatorSpec" name="When Comparing Two Cards using High Hand Rules A King is higher than a Jack" time="0.003">
                                                 
                                               </testcase><testcase classname="com.highbar.cards.poker.CardComparatorSpec" name="When Comparing Two Cards using High Hand Rules A King is higher than a Queen" time="0.002">
                                                 
                                               </testcase><testcase classname="com.highbar.cards.poker.CardComparatorSpec" name="When Comparing Two Cards using High Hand Rules A King ties with a King" time="0.001">
                                                 
                                               </testcase><testcase classname="com.highbar.cards.poker.CardComparatorSpec" name="When Comparing Two Cards using High Hand Rules A Queen is higher than a Two" time="0.002">
                                                 
                                               </testcase><testcase classname="com.highbar.cards.poker.CardComparatorSpec" name="When Comparing Two Cards using High Hand Rules A Queen is higher than a Three" time="0.002">
                                                 
                                               </testcase><testcase classname="com.highbar.cards.poker.CardComparatorSpec" name="When Comparing Two Cards using High Hand Rules A Queen is higher than a Four" time="0.001">
                                                 
                                               </testcase><testcase classname="com.highbar.cards.poker.CardComparatorSpec" name="When Comparing Two Cards using High Hand Rules A Queen is higher than a Five" time="0.001">
                                                 
                                               </testcase><testcase classname="com.highbar.cards.poker.CardComparatorSpec" name="When Comparing Two Cards using High Hand Rules A Queen is higher than a Six" time="0.001">
                                                 
                                               </testcase><testcase classname="com.highbar.cards.poker.CardComparatorSpec" name="When Comparing Two Cards using High Hand Rules A Queen is higher than a Seven" time="0.001">
                                                 
                                               </testcase><testcase classname="com.highbar.cards.poker.CardComparatorSpec" name="When Comparing Two Cards using High Hand Rules A Queen is higher than an Eight" time="0.001">
                                                 
                                               </testcase><testcase classname="com.highbar.cards.poker.CardComparatorSpec" name="When Comparing Two Cards using High Hand Rules A Queen is higher than a Nine" time="0.001">
                                                 
                                               </testcase><testcase classname="com.highbar.cards.poker.CardComparatorSpec" name="When Comparing Two Cards using High Hand Rules A Queen is higher than a Ten" time="0.001">
                                                 
                                               </testcase><testcase classname="com.highbar.cards.poker.CardComparatorSpec" name="When Comparing Two Cards using High Hand Rules A Queen is higher than a Jack" time="0.001">
                                                 
                                               </testcase><testcase classname="com.highbar.cards.poker.CardComparatorSpec" name="When Comparing Two Cards using High Hand Rules A Queen ties with another Queen" time="0.001">
                                                 
                                               </testcase><testcase classname="com.highbar.cards.poker.CardComparatorSpec" name="When Comparing Two Cards using High Hand Rules A Jack is higher than a Two" time="0.001">
                                                 
                                               </testcase><testcase classname="com.highbar.cards.poker.CardComparatorSpec" name="When Comparing Two Cards using High Hand Rules A Jack is higher than a Three" time="0.001">
                                                 
                                               </testcase><testcase classname="com.highbar.cards.poker.CardComparatorSpec" name="When Comparing Two Cards using High Hand Rules A Jack is higher than a Four" time="0.002">
                                                 
                                               </testcase><testcase classname="com.highbar.cards.poker.CardComparatorSpec" name="When Comparing Two Cards using High Hand Rules A Jack is higher than a Five" time="0.001">
                                                 
                                               </testcase><testcase classname="com.highbar.cards.poker.CardComparatorSpec" name="When Comparing Two Cards using High Hand Rules A Jack is higher than a Six" time="0.001">
                                                 
                                               </testcase><testcase classname="com.highbar.cards.poker.CardComparatorSpec" name="When Comparing Two Cards using High Hand Rules A Jack is higher than a Seven" time="0.001">
                                                 
                                               </testcase><testcase classname="com.highbar.cards.poker.CardComparatorSpec" name="When Comparing Two Cards using High Hand Rules A Jack is higher than an Eight" time="0.001">
                                                 
                                               </testcase><testcase classname="com.highbar.cards.poker.CardComparatorSpec" name="When Comparing Two Cards using High Hand Rules A Jack is higher than a Nine" time="0.001">
                                                 
                                               </testcase><testcase classname="com.highbar.cards.poker.CardComparatorSpec" name="When Comparing Two Cards using High Hand Rules A Jack is higher than a Ten" time="0.001">
                                                 
                                               </testcase><testcase classname="com.highbar.cards.poker.CardComparatorSpec" name="When Comparing Two Cards using High Hand Rules A Jack ties with another Jack" time="0.001">
                                                 
                                               </testcase><testcase classname="com.highbar.cards.poker.CardComparatorSpec" name="When Comparing Two Cards using High Hand Rules A Ten is higher than a Two" time="0.002">
                                                 
                                               </testcase><testcase classname="com.highbar.cards.poker.CardComparatorSpec" name="When Comparing Two Cards using High Hand Rules A Ten is higher than a Three" time="0.001">
                                                 
                                               </testcase><testcase classname="com.highbar.cards.poker.CardComparatorSpec" name="When Comparing Two Cards using High Hand Rules A Ten is higher than a Four" time="0.001">
                                                 
                                               </testcase><testcase classname="com.highbar.cards.poker.CardComparatorSpec" name="When Comparing Two Cards using High Hand Rules A Ten is higher than a Five" time="0.0">
                                                 
                                               </testcase><testcase classname="com.highbar.cards.poker.CardComparatorSpec" name="When Comparing Two Cards using High Hand Rules A Ten is higher than a Six" time="0.001">
                                                 
                                               </testcase><testcase classname="com.highbar.cards.poker.CardComparatorSpec" name="When Comparing Two Cards using High Hand Rules A Ten is higher than a Seven" time="0.002">
                                                 
                                               </testcase><testcase classname="com.highbar.cards.poker.CardComparatorSpec" name="When Comparing Two Cards using High Hand Rules A Ten is higher than an Eight" time="0.001">
                                                 
                                               </testcase><testcase classname="com.highbar.cards.poker.CardComparatorSpec" name="When Comparing Two Cards using High Hand Rules A Ten is higher than a Nine" time="0.0">
                                                 
                                               </testcase><testcase classname="com.highbar.cards.poker.CardComparatorSpec" name="When Comparing Two Cards using High Hand Rules A Ten ties with another Ten" time="0.001">
                                                 
                                               </testcase><testcase classname="com.highbar.cards.poker.CardComparatorSpec" name="When Comparing Two Cards using High Hand Rules A Nine is higher than a Two" time="0.001">
                                                 
                                               </testcase><testcase classname="com.highbar.cards.poker.CardComparatorSpec" name="When Comparing Two Cards using High Hand Rules A Nine is higher than a Three" time="0.003">
                                                 
                                               </testcase><testcase classname="com.highbar.cards.poker.CardComparatorSpec" name="When Comparing Two Cards using High Hand Rules A Nine is higher than a Four" time="0.001">
                                                 
                                               </testcase><testcase classname="com.highbar.cards.poker.CardComparatorSpec" name="When Comparing Two Cards using High Hand Rules A Nine is higher than a Five" time="0.001">
                                                 
                                               </testcase><testcase classname="com.highbar.cards.poker.CardComparatorSpec" name="When Comparing Two Cards using High Hand Rules A Nine is higher than a Six" time="0.001">
                                                 
                                               </testcase><testcase classname="com.highbar.cards.poker.CardComparatorSpec" name="When Comparing Two Cards using High Hand Rules A Nine is higher than a Seven" time="0.001">
                                                 
                                               </testcase><testcase classname="com.highbar.cards.poker.CardComparatorSpec" name="When Comparing Two Cards using High Hand Rules A Nine is higher than an Eight" time="0.001">
                                                 
                                               </testcase><testcase classname="com.highbar.cards.poker.CardComparatorSpec" name="When Comparing Two Cards using High Hand Rules A Nine ties with another Nine" time="0.001">
                                                 
                                               </testcase><testcase classname="com.highbar.cards.poker.CardComparatorSpec" name="When Comparing Two Cards using High Hand Rules An Eight is higher than a Two" time="0.001">
                                                 
                                               </testcase><testcase classname="com.highbar.cards.poker.CardComparatorSpec" name="When Comparing Two Cards using High Hand Rules An Eight is higher than a Three" time="0.001">
                                                 
                                               </testcase><testcase classname="com.highbar.cards.poker.CardComparatorSpec" name="When Comparing Two Cards using High Hand Rules An Eight is higher than a Four" time="0.001">
                                                 
                                               </testcase><testcase classname="com.highbar.cards.poker.CardComparatorSpec" name="When Comparing Two Cards using High Hand Rules An Eight is higher than a Five" time="0.001">
                                                 
                                               </testcase><testcase classname="com.highbar.cards.poker.CardComparatorSpec" name="When Comparing Two Cards using High Hand Rules An Eight is higher than a Six" time="0.002">
                                                 
                                               </testcase><testcase classname="com.highbar.cards.poker.CardComparatorSpec" name="When Comparing Two Cards using High Hand Rules An Eight is higher than a Seven" time="0.001">
                                                 
                                               </testcase><testcase classname="com.highbar.cards.poker.CardComparatorSpec" name="When Comparing Two Cards using High Hand Rules An Eight ties with another Eight" time="0.001">
                                                 
                                               </testcase><testcase classname="com.highbar.cards.poker.CardComparatorSpec" name="When Comparing Two Cards using High Hand Rules A Seven is higher than a Two" time="0.001">
                                                 
                                               </testcase><testcase classname="com.highbar.cards.poker.CardComparatorSpec" name="When Comparing Two Cards using High Hand Rules A Seven is higher than a Three" time="0.001">
                                                 
                                               </testcase><testcase classname="com.highbar.cards.poker.CardComparatorSpec" name="When Comparing Two Cards using High Hand Rules A Seven is higher than a Four" time="0.001">
                                                 
                                               </testcase><testcase classname="com.highbar.cards.poker.CardComparatorSpec" name="When Comparing Two Cards using High Hand Rules A Seven is higher than a Five" time="0.001">
                                                 
                                               </testcase><testcase classname="com.highbar.cards.poker.CardComparatorSpec" name="When Comparing Two Cards using High Hand Rules A Seven is higher than a Six" time="0.001">
                                                 
                                               </testcase><testcase classname="com.highbar.cards.poker.CardComparatorSpec" name="When Comparing Two Cards using High Hand Rules A Seven ties with another Seven" time="0.004">
                                                 
                                               </testcase><testcase classname="com.highbar.cards.poker.CardComparatorSpec" name="When Comparing Two Cards using High Hand Rules A Six is higher than a Two" time="0.001">
                                                 
                                               </testcase><testcase classname="com.highbar.cards.poker.CardComparatorSpec" name="When Comparing Two Cards using High Hand Rules A Six is higher than a Three" time="0.0">
                                                 
                                               </testcase><testcase classname="com.highbar.cards.poker.CardComparatorSpec" name="When Comparing Two Cards using High Hand Rules A Six is higher than a Four" time="0.001">
                                                 
                                               </testcase><testcase classname="com.highbar.cards.poker.CardComparatorSpec" name="When Comparing Two Cards using High Hand Rules A Six is higher than a Five" time="0.001">
                                                 
                                               </testcase><testcase classname="com.highbar.cards.poker.CardComparatorSpec" name="When Comparing Two Cards using High Hand Rules A Six ties with another Six" time="0.001">
                                                 
                                               </testcase><testcase classname="com.highbar.cards.poker.CardComparatorSpec" name="When Comparing Two Cards using High Hand Rules A Five is higher than a Two" time="0.002">
                                                 
                                               </testcase><testcase classname="com.highbar.cards.poker.CardComparatorSpec" name="When Comparing Two Cards using High Hand Rules A Five is higher than a Three" time="0.001">
                                                 
                                               </testcase><testcase classname="com.highbar.cards.poker.CardComparatorSpec" name="When Comparing Two Cards using High Hand Rules A Five is higher than a Four" time="0.001">
                                                 
                                               </testcase><testcase classname="com.highbar.cards.poker.CardComparatorSpec" name="When Comparing Two Cards using High Hand Rules A Five ties with another Five" time="0.001">
                                                 
                                               </testcase><testcase classname="com.highbar.cards.poker.CardComparatorSpec" name="When Comparing Two Cards using High Hand Rules A Four is higher than a Two" time="0.002">
                                                 
                                               </testcase><testcase classname="com.highbar.cards.poker.CardComparatorSpec" name="When Comparing Two Cards using High Hand Rules A Four is higher than a Three" time="0.001">
                                                 
                                               </testcase><testcase classname="com.highbar.cards.poker.CardComparatorSpec" name="When Comparing Two Cards using High Hand Rules A Four ties with another Four" time="0.001">
                                                 
                                               </testcase><testcase classname="com.highbar.cards.poker.CardComparatorSpec" name="When Comparing Two Cards using High Hand Rules A Three is higher than a Two" time="0.001">
                                                 
                                               </testcase><testcase classname="com.highbar.cards.poker.CardComparatorSpec" name="When Comparing Two Cards using High Hand Rules A Three ties with another Three" time="0.001">
                                                 
                                               </testcase><testcase classname="com.highbar.cards.poker.CardComparatorSpec" name="When Comparing Two Cards using High Hand Rules A Two ties with another Two" time="0.001">
                                                 
                                               </testcase><testcase classname="com.highbar.cards.poker.CardComparatorSpec" name="When Comparing Two Cards using Low 8 Rules A King is higher than an Ace" time="0.001">
                                                 
                                               </testcase><testcase classname="com.highbar.cards.poker.CardComparatorSpec" name="When Comparing Two Cards using Low 8 Rules A King is higher than a Two" time="0.001">
                                                 
                                               </testcase><testcase classname="com.highbar.cards.poker.CardComparatorSpec" name="When Comparing Two Cards using Low 8 Rules A King is higher than a Three" time="0.001">
                                                 
                                               </testcase><testcase classname="com.highbar.cards.poker.CardComparatorSpec" name="When Comparing Two Cards using Low 8 Rules A King is higher than a Four" time="0.001">
                                                 
                                               </testcase><testcase classname="com.highbar.cards.poker.CardComparatorSpec" name="When Comparing Two Cards using Low 8 Rules A King is higher than a Five" time="0.001">
                                                 
                                               </testcase><testcase classname="com.highbar.cards.poker.CardComparatorSpec" name="When Comparing Two Cards using Low 8 Rules A King is higher than a Six" time="0.001">
                                                 
                                               </testcase><testcase classname="com.highbar.cards.poker.CardComparatorSpec" name="When Comparing Two Cards using Low 8 Rules A King is higher than a Seven" time="0.001">
                                                 
                                               </testcase><testcase classname="com.highbar.cards.poker.CardComparatorSpec" name="When Comparing Two Cards using Low 8 Rules A King is higher than an Eight" time="0.001">
                                                 
                                               </testcase><testcase classname="com.highbar.cards.poker.CardComparatorSpec" name="When Comparing Two Cards using Low 8 Rules A King is higher than a Nine" time="0.002">
                                                 
                                               </testcase><testcase classname="com.highbar.cards.poker.CardComparatorSpec" name="When Comparing Two Cards using Low 8 Rules A King is higher than a Ten" time="0.001">
                                                 
                                               </testcase><testcase classname="com.highbar.cards.poker.CardComparatorSpec" name="When Comparing Two Cards using Low 8 Rules A King is higher than a Jack" time="0.001">
                                                 
                                               </testcase><testcase classname="com.highbar.cards.poker.CardComparatorSpec" name="When Comparing Two Cards using Low 8 Rules A King is higher than a Queen" time="0.001">
                                                 
                                               </testcase><testcase classname="com.highbar.cards.poker.CardComparatorSpec" name="When Comparing Two Cards using Low 8 Rules A King ties with a King" time="0.001">
                                                 
                                               </testcase><testcase classname="com.highbar.cards.poker.CardComparatorSpec" name="When Comparing Two Cards using Low 8 Rules A Queen is higher than an Ace" time="0.001">
                                                 
                                               </testcase><testcase classname="com.highbar.cards.poker.CardComparatorSpec" name="When Comparing Two Cards using Low 8 Rules A Queen is higher than a Two" time="0.001">
                                                 
                                               </testcase><testcase classname="com.highbar.cards.poker.CardComparatorSpec" name="When Comparing Two Cards using Low 8 Rules A Queen is higher than a Three" time="0.001">
                                                 
                                               </testcase><testcase classname="com.highbar.cards.poker.CardComparatorSpec" name="When Comparing Two Cards using Low 8 Rules A Queen is higher than a Four" time="0.001">
                                                 
                                               </testcase><testcase classname="com.highbar.cards.poker.CardComparatorSpec" name="When Comparing Two Cards using Low 8 Rules A Queen is higher than a Five" time="0.001">
                                                 
                                               </testcase><testcase classname="com.highbar.cards.poker.CardComparatorSpec" name="When Comparing Two Cards using Low 8 Rules A Queen is higher than a Six" time="0.001">
                                                 
                                               </testcase><testcase classname="com.highbar.cards.poker.CardComparatorSpec" name="When Comparing Two Cards using Low 8 Rules A Queen is higher than a Seven" time="0.0">
                                                 
                                               </testcase><testcase classname="com.highbar.cards.poker.CardComparatorSpec" name="When Comparing Two Cards using Low 8 Rules A Queen is higher than an Eight" time="0.001">
                                                 
                                               </testcase><testcase classname="com.highbar.cards.poker.CardComparatorSpec" name="When Comparing Two Cards using Low 8 Rules A Queen is higher than a Nine" time="0.001">
                                                 
                                               </testcase><testcase classname="com.highbar.cards.poker.CardComparatorSpec" name="When Comparing Two Cards using Low 8 Rules A Queen is higher than a Ten" time="0.001">
                                                 
                                               </testcase><testcase classname="com.highbar.cards.poker.CardComparatorSpec" name="When Comparing Two Cards using Low 8 Rules A Queen is higher than a Jack" time="0.001">
                                                 
                                               </testcase><testcase classname="com.highbar.cards.poker.CardComparatorSpec" name="When Comparing Two Cards using Low 8 Rules A Queen ties with another Queen" time="0.001">
                                                 
                                               </testcase><testcase classname="com.highbar.cards.poker.CardComparatorSpec" name="When Comparing Two Cards using Low 8 Rules A Jack is higher than an Ace" time="0.001">
                                                 
                                               </testcase><testcase classname="com.highbar.cards.poker.CardComparatorSpec" name="When Comparing Two Cards using Low 8 Rules A Jack is higher than a Two" time="0.001">
                                                 
                                               </testcase><testcase classname="com.highbar.cards.poker.CardComparatorSpec" name="When Comparing Two Cards using Low 8 Rules A Jack is higher than a Three" time="0.001">
                                                 
                                               </testcase><testcase classname="com.highbar.cards.poker.CardComparatorSpec" name="When Comparing Two Cards using Low 8 Rules A Jack is higher than a Four" time="0.001">
                                                 
                                               </testcase><testcase classname="com.highbar.cards.poker.CardComparatorSpec" name="When Comparing Two Cards using Low 8 Rules A Jack is higher than a Five" time="0.001">
                                                 
                                               </testcase><testcase classname="com.highbar.cards.poker.CardComparatorSpec" name="When Comparing Two Cards using Low 8 Rules A Jack is higher than a Six" time="0.001">
                                                 
                                               </testcase><testcase classname="com.highbar.cards.poker.CardComparatorSpec" name="When Comparing Two Cards using Low 8 Rules A Jack is higher than a Seven" time="0.001">
                                                 
                                               </testcase><testcase classname="com.highbar.cards.poker.CardComparatorSpec" name="When Comparing Two Cards using Low 8 Rules A Jack is higher than an Eight" time="0.001">
                                                 
                                               </testcase><testcase classname="com.highbar.cards.poker.CardComparatorSpec" name="When Comparing Two Cards using Low 8 Rules A Jack is higher than a Nine" time="0.001">
                                                 
                                               </testcase><testcase classname="com.highbar.cards.poker.CardComparatorSpec" name="When Comparing Two Cards using Low 8 Rules A Jack is higher than a Ten" time="0.0">
                                                 
                                               </testcase><testcase classname="com.highbar.cards.poker.CardComparatorSpec" name="When Comparing Two Cards using Low 8 Rules A Jack ties with another Jack" time="0.0">
                                                 
                                               </testcase><testcase classname="com.highbar.cards.poker.CardComparatorSpec" name="When Comparing Two Cards using Low 8 Rules A Ten is higher than an Ace" time="0.001">
                                                 
                                               </testcase><testcase classname="com.highbar.cards.poker.CardComparatorSpec" name="When Comparing Two Cards using Low 8 Rules A Ten is higher than a Two" time="0.0">
                                                 
                                               </testcase><testcase classname="com.highbar.cards.poker.CardComparatorSpec" name="When Comparing Two Cards using Low 8 Rules A Ten is higher than a Three" time="0.0">
                                                 
                                               </testcase><testcase classname="com.highbar.cards.poker.CardComparatorSpec" name="When Comparing Two Cards using Low 8 Rules A Ten is higher than a Four" time="0.0">
                                                 
                                               </testcase><testcase classname="com.highbar.cards.poker.CardComparatorSpec" name="When Comparing Two Cards using Low 8 Rules A Ten is higher than a Five" time="0.001">
                                                 
                                               </testcase><testcase classname="com.highbar.cards.poker.CardComparatorSpec" name="When Comparing Two Cards using Low 8 Rules A Ten is higher than a Six" time="0.001">
                                                 
                                               </testcase><testcase classname="com.highbar.cards.poker.CardComparatorSpec" name="When Comparing Two Cards using Low 8 Rules A Ten is higher than a Seven" time="0.001">
                                                 
                                               </testcase><testcase classname="com.highbar.cards.poker.CardComparatorSpec" name="When Comparing Two Cards using Low 8 Rules A Ten is higher than an Eight" time="0.001">
                                                 
                                               </testcase><testcase classname="com.highbar.cards.poker.CardComparatorSpec" name="When Comparing Two Cards using Low 8 Rules A Ten is higher than a Nine" time="0.001">
                                                 
                                               </testcase><testcase classname="com.highbar.cards.poker.CardComparatorSpec" name="When Comparing Two Cards using Low 8 Rules A Ten ties with another Ten" time="0.0">
                                                 
                                               </testcase><testcase classname="com.highbar.cards.poker.CardComparatorSpec" name="When Comparing Two Cards using Low 8 Rules A Nine is higher than an Ace" time="0.0">
                                                 
                                               </testcase><testcase classname="com.highbar.cards.poker.CardComparatorSpec" name="When Comparing Two Cards using Low 8 Rules A Nine is higher than a Two" time="0.0">
                                                 
                                               </testcase><testcase classname="com.highbar.cards.poker.CardComparatorSpec" name="When Comparing Two Cards using Low 8 Rules A Nine is higher than a Three" time="0.001">
                                                 
                                               </testcase><testcase classname="com.highbar.cards.poker.CardComparatorSpec" name="When Comparing Two Cards using Low 8 Rules A Nine is higher than a Four" time="0.001">
                                                 
                                               </testcase><testcase classname="com.highbar.cards.poker.CardComparatorSpec" name="When Comparing Two Cards using Low 8 Rules A Nine is higher than a Five" time="0.001">
                                                 
                                               </testcase><testcase classname="com.highbar.cards.poker.CardComparatorSpec" name="When Comparing Two Cards using Low 8 Rules A Nine is higher than a Six" time="0.001">
                                                 
                                               </testcase><testcase classname="com.highbar.cards.poker.CardComparatorSpec" name="When Comparing Two Cards using Low 8 Rules A Nine is higher than a Seven" time="0.001">
                                                 
                                               </testcase><testcase classname="com.highbar.cards.poker.CardComparatorSpec" name="When Comparing Two Cards using Low 8 Rules A Nine is higher than an Eight" time="0.001">
                                                 
                                               </testcase><testcase classname="com.highbar.cards.poker.CardComparatorSpec" name="When Comparing Two Cards using Low 8 Rules A Nine ties with another Nine" time="0.001">
                                                 
                                               </testcase><testcase classname="com.highbar.cards.poker.CardComparatorSpec" name="When Comparing Two Cards using Low 8 Rules An Eight is higher than an Ace" time="0.001">
                                                 
                                               </testcase><testcase classname="com.highbar.cards.poker.CardComparatorSpec" name="When Comparing Two Cards using Low 8 Rules An Eight is higher than a Two" time="0.001">
                                                 
                                               </testcase><testcase classname="com.highbar.cards.poker.CardComparatorSpec" name="When Comparing Two Cards using Low 8 Rules An Eight is higher than a Three" time="0.001">
                                                 
                                               </testcase><testcase classname="com.highbar.cards.poker.CardComparatorSpec" name="When Comparing Two Cards using Low 8 Rules An Eight is higher than a Four" time="0.001">
                                                 
                                               </testcase><testcase classname="com.highbar.cards.poker.CardComparatorSpec" name="When Comparing Two Cards using Low 8 Rules An Eight is higher than a Five" time="0.001">
                                                 
                                               </testcase><testcase classname="com.highbar.cards.poker.CardComparatorSpec" name="When Comparing Two Cards using Low 8 Rules An Eight is higher than a Six" time="0.001">
                                                 
                                               </testcase><testcase classname="com.highbar.cards.poker.CardComparatorSpec" name="When Comparing Two Cards using Low 8 Rules An Eight is higher than a Seven" time="0.0">
                                                 
                                               </testcase><testcase classname="com.highbar.cards.poker.CardComparatorSpec" name="When Comparing Two Cards using Low 8 Rules An Eight ties with another Eight" time="0.0">
                                                 
                                               </testcase><testcase classname="com.highbar.cards.poker.CardComparatorSpec" name="When Comparing Two Cards using Low 8 Rules A Seven is higher than an Ace" time="0.001">
                                                 
                                               </testcase><testcase classname="com.highbar.cards.poker.CardComparatorSpec" name="When Comparing Two Cards using Low 8 Rules A Seven is higher than a Two" time="0.001">
                                                 
                                               </testcase><testcase classname="com.highbar.cards.poker.CardComparatorSpec" name="When Comparing Two Cards using Low 8 Rules A Seven is higher than a Three" time="0.001">
                                                 
                                               </testcase><testcase classname="com.highbar.cards.poker.CardComparatorSpec" name="When Comparing Two Cards using Low 8 Rules A Seven is higher than a Four" time="0.001">
                                                 
                                               </testcase><testcase classname="com.highbar.cards.poker.CardComparatorSpec" name="When Comparing Two Cards using Low 8 Rules A Seven is higher than a Five" time="0.001">
                                                 
                                               </testcase><testcase classname="com.highbar.cards.poker.CardComparatorSpec" name="When Comparing Two Cards using Low 8 Rules A Seven is higher than a Six" time="0.001">
                                                 
                                               </testcase><testcase classname="com.highbar.cards.poker.CardComparatorSpec" name="When Comparing Two Cards using Low 8 Rules A Seven ties with another Seven" time="0.001">
                                                 
                                               </testcase><testcase classname="com.highbar.cards.poker.CardComparatorSpec" name="When Comparing Two Cards using Low 8 Rules A Six is higher than an Ace" time="0.001">
                                                 
                                               </testcase><testcase classname="com.highbar.cards.poker.CardComparatorSpec" name="When Comparing Two Cards using Low 8 Rules A Six is higher than a Two" time="0.001">
                                                 
                                               </testcase><testcase classname="com.highbar.cards.poker.CardComparatorSpec" name="When Comparing Two Cards using Low 8 Rules A Six is higher than a Three" time="0.001">
                                                 
                                               </testcase><testcase classname="com.highbar.cards.poker.CardComparatorSpec" name="When Comparing Two Cards using Low 8 Rules A Six is higher than a Four" time="0.001">
                                                 
                                               </testcase><testcase classname="com.highbar.cards.poker.CardComparatorSpec" name="When Comparing Two Cards using Low 8 Rules A Six is higher than a Five" time="0.0">
                                                 
                                               </testcase><testcase classname="com.highbar.cards.poker.CardComparatorSpec" name="When Comparing Two Cards using Low 8 Rules A Six ties with another Six" time="0.001">
                                                 
                                               </testcase><testcase classname="com.highbar.cards.poker.CardComparatorSpec" name="When Comparing Two Cards using Low 8 Rules A Five is higher than an Ace" time="0.001">
                                                 
                                               </testcase><testcase classname="com.highbar.cards.poker.CardComparatorSpec" name="When Comparing Two Cards using Low 8 Rules A Five is higher than a Two" time="0.001">
                                                 
                                               </testcase><testcase classname="com.highbar.cards.poker.CardComparatorSpec" name="When Comparing Two Cards using Low 8 Rules A Five is higher than a Three" time="0.001">
                                                 
                                               </testcase><testcase classname="com.highbar.cards.poker.CardComparatorSpec" name="When Comparing Two Cards using Low 8 Rules A Five is higher than a Four" time="0.001">
                                                 
                                               </testcase><testcase classname="com.highbar.cards.poker.CardComparatorSpec" name="When Comparing Two Cards using Low 8 Rules A Five ties with another Five" time="0.001">
                                                 
                                               </testcase><testcase classname="com.highbar.cards.poker.CardComparatorSpec" name="When Comparing Two Cards using Low 8 Rules A Four is higher than an Ace" time="0.001">
                                                 
                                               </testcase><testcase classname="com.highbar.cards.poker.CardComparatorSpec" name="When Comparing Two Cards using Low 8 Rules A Four is higher than a Two" time="0.0">
                                                 
                                               </testcase><testcase classname="com.highbar.cards.poker.CardComparatorSpec" name="When Comparing Two Cards using Low 8 Rules A Four is higher than a Three" time="0.0">
                                                 
                                               </testcase><testcase classname="com.highbar.cards.poker.CardComparatorSpec" name="When Comparing Two Cards using Low 8 Rules A Four ties with another Four" time="0.0">
                                                 
                                               </testcase><testcase classname="com.highbar.cards.poker.CardComparatorSpec" name="When Comparing Two Cards using Low 8 Rules A Three is higher than an Ace" time="0.001">
                                                 
                                               </testcase><testcase classname="com.highbar.cards.poker.CardComparatorSpec" name="When Comparing Two Cards using Low 8 Rules A Three is higher than a Two" time="0.001">
                                                 
                                               </testcase><testcase classname="com.highbar.cards.poker.CardComparatorSpec" name="When Comparing Two Cards using Low 8 Rules A Three ties with another Three" time="0.001">
                                                 
                                               </testcase><testcase classname="com.highbar.cards.poker.CardComparatorSpec" name="When Comparing Two Cards using Low 8 Rules A Two is higher than an Ace" time="0.001">
                                                 
                                               </testcase><testcase classname="com.highbar.cards.poker.CardComparatorSpec" name="When Comparing Two Cards using Low 8 Rules A Two ties with another Two" time="0.001">
                                                 
                                               </testcase><testcase classname="com.highbar.cards.poker.CardComparatorSpec" name="When Comparing Two Cards using Low 8 Rules An Ace ties with another Ace" time="0.002">
                                                 
                                               </testcase>
                     <system-out></system-out>
                     <system-err></system-err>
                   </testsuite>