java.lang.IllegalArgumentException: Unable to load class: com.highbar.cards.SuitSpec
	at org.scalatest.tools.Framework$ScalaTestTask.loadSuiteClass(Framework.scala:403)
	at org.scalatest.tools.Framework$ScalaTestTask.suiteClass$lzycompute(Framework.scala:407)
	at org.scalatest.tools.Framework$ScalaTestTask.suiteClass(Framework.scala:407)
	at org.scalatest.tools.Framework$ScalaTestTask.accessible$lzycompute(Framework.scala:408)
	at org.scalatest.tools.Framework$ScalaTestTask.accessible(Framework.scala:408)
	at org.scalatest.tools.Framework$ScalaTestTask.shouldDiscover$lzycompute(Framework.scala:411)
	at org.scalatest.tools.Framework$ScalaTestTask.shouldDiscover(Framework.scala:411)
	at org.scalatest.tools.Framework$ScalaTestRunner.$anonfun$tasks$2(Framework.scala:718)
	at org.scalatest.tools.Framework$ScalaTestRunner.$anonfun$tasks$2$adapted(Framework.scala:716)
	at scala.collection.TraversableLike$WithFilter.$anonfun$map$2(TraversableLike.scala:692)
	at scala.collection.mutable.ArrayOps$ofRef.foreach(ArrayOps.scala:193)
	at scala.collection.TraversableLike$WithFilter.map(TraversableLike.scala:691)
	at org.scalatest.tools.Framework$ScalaTestRunner.tasks(Framework.scala:716)
	at sbt.TestRunner.tasks(TestFramework.scala:61)
	at sbt.TestFramework$$anonfun$6$$anonfun$7.apply(TestFramework.scala:171)
	at sbt.TestFramework$$anonfun$6$$anonfun$7.apply(TestFramework.scala:171)
	at sbt.TestFramework$.sbt$TestFramework$$withContextLoader(TestFramework.scala:185)
	at sbt.TestFramework$$anonfun$6.apply(TestFramework.scala:171)
	at sbt.TestFramework$$anonfun$6.apply(TestFramework.scala:168)
	at scala.collection.TraversableLike$$anonfun$flatMap$1.apply(TraversableLike.scala:251)
	at scala.collection.TraversableLike$$anonfun$flatMap$1.apply(TraversableLike.scala:251)
	at scala.collection.MapLike$MappedValues$$anonfun$foreach$3.apply(MapLike.scala:245)
	at scala.collection.MapLike$MappedValues$$anonfun$foreach$3.apply(MapLike.scala:245)
	at scala.collection.TraversableLike$WithFilter$$anonfun$foreach$1.apply(TraversableLike.scala:772)
	at scala.collection.immutable.Map$Map1.foreach(Map.scala:109)
	at scala.collection.TraversableLike$WithFilter.foreach(TraversableLike.scala:771)
	at scala.collection.MapLike$MappedValues.foreach(MapLike.scala:245)
	at scala.collection.TraversableLike$class.flatMap(TraversableLike.scala:251)
	at scala.collection.AbstractTraversable.flatMap(Traversable.scala:105)
	at sbt.TestFramework$.createTestTasks(TestFramework.scala:168)
	at sbt.TestFramework$.testTasks(TestFramework.scala:138)
	at sbt.Tests$.testTask(Tests.scala:177)
	at sbt.Tests$.apply(Tests.scala:166)
	at sbt.Defaults$$anonfun$15.apply(Defaults.scala:582)
	at sbt.Defaults$$anonfun$15.apply(Defaults.scala:570)
	at scala.collection.TraversableLike$$anonfun$map$1.apply(TraversableLike.scala:244)
	at scala.collection.TraversableLike$$anonfun$map$1.apply(TraversableLike.scala:244)
	at scala.collection.immutable.List.foreach(List.scala:318)
	at scala.collection.TraversableLike$class.map(TraversableLike.scala:244)
	at scala.collection.AbstractTraversable.map(Traversable.scala:105)
	at sbt.Defaults$.allTestGroupsTask(Defaults.scala:570)
	at sbt.Defaults$$anonfun$testTasks$7.apply(Defaults.scala:432)
	at sbt.Defaults$$anonfun$testTasks$7.apply(Defaults.scala:432)
	at scala.Function9$$anonfun$tupled$1.apply(Function9.scala:35)
	at scala.Function9$$anonfun$tupled$1.apply(Function9.scala:34)
	at scala.Function1$$anonfun$compose$1.apply(Function1.scala:47)
	at sbt.$tilde$greater$$anonfun$$u2219$1.apply(TypeFunctions.scala:40)
	at sbt.std.Transform$$anon$4.work(System.scala:63)
	at sbt.Execute$$anonfun$submit$1$$anonfun$apply$1.apply(Execute.scala:228)
	at sbt.Execute$$anonfun$submit$1$$anonfun$apply$1.apply(Execute.scala:228)
	at sbt.ErrorHandling$.wideConvert(ErrorHandling.scala:17)
	at sbt.Execute.work(Execute.scala:237)
	at sbt.Execute$$anonfun$submit$1.apply(Execute.scala:228)
	at sbt.Execute$$anonfun$submit$1.apply(Execute.scala:228)
	at sbt.ConcurrentRestrictions$$anon$4$$anonfun$1.apply(ConcurrentRestrictions.scala:159)
	at sbt.CompletionService$$anon$2.call(CompletionService.scala:28)
	at java.util.concurrent.FutureTask.run(FutureTask.java:266)
	at java.util.concurrent.Executors$RunnableAdapter.call(Executors.java:511)
	at java.util.concurrent.FutureTask.run(FutureTask.java:266)
	at java.util.concurrent.ThreadPoolExecutor.runWorker(ThreadPoolExecutor.java:1142)
	at java.util.concurrent.ThreadPoolExecutor$Worker.run(ThreadPoolExecutor.java:617)
	at java.lang.Thread.run(Thread.java:745)
[0m[[31merror[0m] [0m(test:[31mexecuteTests[0m) java.lang.IllegalArgumentException: Unable to load class: com.highbar.cards.SuitSpec[0m
